<?xml version="1.0" encoding="UTF-8"?>
<!-- Generated by org.testng.reporters.JUnitReportReporter -->
<testsuite hostname="3WNR5Y2" name="org.restAssured.tests.covidGetData" tests="3" failures="0" timestamp="15 Jun 2020 17:09:43 GMT" time="3.103" errors="0">
  <testcase name="gettInfectionCountAndDate" time="0.344" classname="org.restAssured.tests.covidGetData"/>
  <testcase name="getHighestInfectionCountAndDate" time="2.464" classname="org.restAssured.tests.covidGetData"/>
  <testcase name="getHighestDeathCountAndDate" time="0.295" classname="org.restAssured.tests.covidGetData"/>
</testsuite> <!-- org.restAssured.tests.covidGetData -->
